[debug] [2025-05-08T00:46:45.148Z] ----------------------------------------------------------------------
[debug] [2025-05-08T00:46:45.151Z] Command:       C:\Program Files\nodejs\node.exe C:\Users\desig\AppData\Roaming\npm\node_modules\firebase-tools\lib\bin\firebase.js init firestore
[debug] [2025-05-08T00:46:45.151Z] CLI Version:   14.3.0
[debug] [2025-05-08T00:46:45.151Z] Platform:      win32
[debug] [2025-05-08T00:46:45.152Z] Node Version:  v22.15.0
[debug] [2025-05-08T00:46:45.152Z] Time:          Wed May 07 2025 21:46:45 GMT-0300 (Horário Padrão de Brasília)
[debug] [2025-05-08T00:46:45.152Z] ----------------------------------------------------------------------
[debug] 
[debug] [2025-05-08T00:46:45.157Z] > command requires scopes: ["email","openid","https://www.googleapis.com/auth/cloudplatformprojects.readonly","https://www.googleapis.com/auth/firebase","https://www.googleapis.com/auth/cloud-platform"]
[debug] [2025-05-08T00:46:45.157Z] > authorizing via signed-in user (galvaojmew@gmail.com)
[info] 
     ######## #### ########  ######## ########     ###     ######  ########
     ##        ##  ##     ## ##       ##     ##  ##   ##  ##       ##
     ######    ##  ########  ######   ########  #########  ######  ######
     ##        ##  ##    ##  ##       ##     ## ##     ##       ## ##
     ##       #### ##     ## ######## ########  ##     ##  ######  ########

You're about to initialize a Firebase project in this directory:

  C:\Users\desig\OneDrive\Área de Trabalho\triplematch

[info] 
=== Project Setup
[info] 
[info] First, let's associate this project directory with a Firebase project.
[info] You can create multiple project aliases by running firebase use --add, 
[info] but for now we'll just set up a default project.
[info] 
[debug] [2025-05-08T00:46:56.624Z] Checked if tokens are valid: true, expires at: 1746668801191
[debug] [2025-05-08T00:46:56.624Z] Checked if tokens are valid: true, expires at: 1746668801191
[debug] [2025-05-08T00:46:56.625Z] >>> [apiv2][query] GET https://firebase.googleapis.com/v1beta1/projects pageSize=100
[debug] [2025-05-08T00:46:57.383Z] <<< [apiv2][status] GET https://firebase.googleapis.com/v1beta1/projects 200
[debug] [2025-05-08T00:46:57.383Z] <<< [apiv2][body] GET https://firebase.googleapis.com/v1beta1/projects [omitted]
[info] i  Using project triomatch (triomatch) 
[info] 
=== Firestore Setup
[debug] [2025-05-08T00:46:58.560Z] Checked if tokens are valid: true, expires at: 1746668801191
[debug] [2025-05-08T00:46:58.560Z] Checked if tokens are valid: true, expires at: 1746668801191
[debug] [2025-05-08T00:46:58.560Z] >>> [apiv2][query] GET https://serviceusage.googleapis.com/v1/projects/triomatch/services/firestore.googleapis.com [none]
[debug] [2025-05-08T00:46:58.561Z] >>> [apiv2][(partial)header] GET https://serviceusage.googleapis.com/v1/projects/triomatch/services/firestore.googleapis.com x-goog-quota-user=projects/triomatch
[debug] [2025-05-08T00:46:59.725Z] <<< [apiv2][status] GET https://serviceusage.googleapis.com/v1/projects/triomatch/services/firestore.googleapis.com 200
[debug] [2025-05-08T00:46:59.725Z] <<< [apiv2][body] GET https://serviceusage.googleapis.com/v1/projects/triomatch/services/firestore.googleapis.com [omitted]
[debug] [2025-05-08T00:46:59.726Z] Checked if tokens are valid: true, expires at: 1746668801191
[debug] [2025-05-08T00:46:59.726Z] Checked if tokens are valid: true, expires at: 1746668801191
[debug] [2025-05-08T00:46:59.726Z] >>> [apiv2][query] GET https://firestore.googleapis.com/v1/projects/triomatch/databases/(default) [none]
[debug] [2025-05-08T00:47:00.056Z] <<< [apiv2][status] GET https://firestore.googleapis.com/v1/projects/triomatch/databases/(default) 200
[debug] [2025-05-08T00:47:00.056Z] <<< [apiv2][body] GET https://firestore.googleapis.com/v1/projects/triomatch/databases/(default) {"name":"projects/triomatch/databases/(default)","uid":"52b34dfe-f3da-48d1-801b-ddccfc9d706c","createTime":"2025-05-08T00:35:04.502792Z","updateTime":"2025-05-08T00:35:04.502792Z","locationId":"southamerica-east1","type":"FIRESTORE_NATIVE","concurrencyMode":"PESSIMISTIC","versionRetentionPeriod":"3600s","earliestVersionTime":"2025-05-08T00:35:04.502792Z","appEngineIntegrationMode":"DISABLED","keyPrefix":"i","pointInTimeRecoveryEnablement":"POINT_IN_TIME_RECOVERY_DISABLED","deleteProtectionState":"DELETE_PROTECTION_DISABLED","databaseEdition":"STANDARD","freeTier":true,"etag":"IOKBoYHTko0DMIjU1KrQko0D"}
[debug] [2025-05-08T00:47:00.056Z] database_type: FIRESTORE_NATIVE
[debug] [2025-05-08T00:47:00.057Z] database_type: FIRESTORE_NATIVE
[debug] [2025-05-08T00:47:00.057Z] > command requires scopes: ["email","openid","https://www.googleapis.com/auth/cloudplatformprojects.readonly","https://www.googleapis.com/auth/firebase","https://www.googleapis.com/auth/cloud-platform"]
[debug] [2025-05-08T00:47:00.057Z] > authorizing via signed-in user (galvaojmew@gmail.com)
[debug] [2025-05-08T00:47:00.057Z] [iam] checking project triomatch for permissions ["firebase.projects.get"]
[debug] [2025-05-08T00:47:00.057Z] Checked if tokens are valid: true, expires at: 1746668801191
[debug] [2025-05-08T00:47:00.057Z] Checked if tokens are valid: true, expires at: 1746668801191
[debug] [2025-05-08T00:47:00.057Z] >>> [apiv2][query] POST https://cloudresourcemanager.googleapis.com/v1/projects/triomatch:testIamPermissions [none]
[debug] [2025-05-08T00:47:00.057Z] >>> [apiv2][(partial)header] POST https://cloudresourcemanager.googleapis.com/v1/projects/triomatch:testIamPermissions x-goog-quota-user=projects/triomatch
[debug] [2025-05-08T00:47:00.058Z] >>> [apiv2][body] POST https://cloudresourcemanager.googleapis.com/v1/projects/triomatch:testIamPermissions {"permissions":["firebase.projects.get"]}
[debug] [2025-05-08T00:47:00.998Z] <<< [apiv2][status] POST https://cloudresourcemanager.googleapis.com/v1/projects/triomatch:testIamPermissions 200
[debug] [2025-05-08T00:47:00.998Z] <<< [apiv2][body] POST https://cloudresourcemanager.googleapis.com/v1/projects/triomatch:testIamPermissions {"permissions":["firebase.projects.get"]}
[info] 
[info] Firestore Security Rules allow you to define how and when to allow
[info] requests. You can keep these rules in your project directory
[info] and publish them with firebase deploy.
[info] 
[debug] [2025-05-08T00:47:07.358Z] Checked if tokens are valid: true, expires at: 1746668801191
[debug] [2025-05-08T00:47:07.358Z] Checked if tokens are valid: true, expires at: 1746668801191
[debug] [2025-05-08T00:47:07.358Z] >>> [apiv2][query] GET https://firebaserules.googleapis.com/v1/projects/triomatch/releases pageSize=10&pageToken=
[debug] [2025-05-08T00:47:08.435Z] <<< [apiv2][status] GET https://firebaserules.googleapis.com/v1/projects/triomatch/releases 200
[debug] [2025-05-08T00:47:08.435Z] <<< [apiv2][body] GET https://firebaserules.googleapis.com/v1/projects/triomatch/releases {"releases":[{"name":"projects/triomatch/releases/cloud.firestore","rulesetName":"projects/triomatch/rulesets/2c576286-f33c-4c1a-baaf-655e1fcb4e3d","createTime":"2025-05-08T00:35:09.512124Z","updateTime":"2025-05-08T00:35:09.512124Z"}]}
[debug] [2025-05-08T00:47:08.435Z] Found ruleset: projects/triomatch/rulesets/2c576286-f33c-4c1a-baaf-655e1fcb4e3d
[debug] [2025-05-08T00:47:08.435Z] Checked if tokens are valid: true, expires at: 1746668801191
[debug] [2025-05-08T00:47:08.435Z] Checked if tokens are valid: true, expires at: 1746668801191
[debug] [2025-05-08T00:47:08.436Z] >>> [apiv2][query] GET https://firebaserules.googleapis.com/v1/projects/triomatch/rulesets/2c576286-f33c-4c1a-baaf-655e1fcb4e3d [none]
[debug] [2025-05-08T00:47:09.381Z] <<< [apiv2][status] GET https://firebaserules.googleapis.com/v1/projects/triomatch/rulesets/2c576286-f33c-4c1a-baaf-655e1fcb4e3d 200
[debug] [2025-05-08T00:47:09.381Z] <<< [apiv2][body] GET https://firebaserules.googleapis.com/v1/projects/triomatch/rulesets/2c576286-f33c-4c1a-baaf-655e1fcb4e3d [omitted]
[debug] [2025-05-08T00:47:09.602Z] TypeError [ERR_INVALID_ARG_TYPE]: The "path" argument must be of type string. Received undefined
    at Object.isAbsolute (node:path:452:5)
    at Config.path (C:\Users\desig\AppData\Roaming\npm\node_modules\firebase-tools\lib\config.js:130:18)
    at Config.writeProjectFile (C:\Users\desig\AppData\Roaming\npm\node_modules\firebase-tools\lib\config.js:162:32)
    at C:\Users\desig\AppData\Roaming\npm\node_modules\firebase-tools\lib\init\features\firestore\rules.js:37:23
    at process.processTicksAndRejections (node:internal/process/task_queues:105:5)
    at async doSetup (C:\Users\desig\AppData\Roaming\npm\node_modules\firebase-tools\lib\init\features\firestore\index.js:48:5)
    at async init (C:\Users\desig\AppData\Roaming\npm\node_modules\firebase-tools\lib\init\index.js:41:9)
    at async Command.initAction [as actionFn] (C:\Users\desig\AppData\Roaming\npm\node_modules\firebase-tools\lib\commands\init.js:187:5)
[error] 
[error] Error: An unexpected error has occurred.
